app/build/intermediates/manifest_merge_blame_file/release/processReleaseMainManifest/manifest-merger-blame-release-report.txt
1<?xml version="1.0" encoding="utf-8"?>
2<manifest xmlns:android="http://schemas.android.com/apk/res/android"
3    package="com.toolbox.shizutools"
4    android:versionCode="1"
5    android:versionName="1.0" >
6
7    <uses-sdk
8        android:minSdkVersion="24"
9        android:targetSdkVersion="34" />
10
11    <uses-permission android:name="android.permission.QUERY_ALL_PACKAGES" />
11-->src/main/AndroidManifest.xml:6:5-8:53
11-->src/main/AndroidManifest.xml:7:9-61
12    <uses-permission android:name="android.permission.FOREGROUND_SERVICE_DATA_SYNC" />
12-->src/main/AndroidManifest.xml:9:5-87
12-->src/main/AndroidManifest.xml:9:22-84
13    <uses-permission android:name="android.permission.SYSTEM_ALERT_WINDOW" />
13-->src/main/AndroidManifest.xml:10:5-78
13-->src/main/AndroidManifest.xml:10:22-75
14    <uses-permission android:name="android.permission.POST_NOTIFICATIONS" />
14-->src/main/AndroidManifest.xml:11:5-77
14-->src/main/AndroidManifest.xml:11:22-74
15    <uses-permission android:name="android.permission.PACKAGE_USAGE_STATS" />
15-->src/main/AndroidManifest.xml:12:5-14:47
15-->src/main/AndroidManifest.xml:13:9-62
16
17    <queries>
17-->src/main/AndroidManifest.xml:15:5-22:15
18        <package android:name="dev.rikka.shizuku" />
18-->src/main/AndroidManifest.xml:16:9-53
18-->src/main/AndroidManifest.xml:16:18-50
19        <package android:name="moe.shizuku.privileged.api" />
19-->src/main/AndroidManifest.xml:17:9-62
19-->src/main/AndroidManifest.xml:17:18-59
20
21        <intent>
21-->src/main/AndroidManifest.xml:18:9-21:18
22            <action android:name="android.intent.action.MAIN" />
22-->src/main/AndroidManifest.xml:19:13-65
22-->src/main/AndroidManifest.xml:19:21-62
23
24            <category android:name="android.intent.category.LAUNCHER" />
24-->src/main/AndroidManifest.xml:20:13-73
24-->src/main/AndroidManifest.xml:20:23-70
25        </intent>
26    </queries>
27
28    <uses-permission android:name="moe.shizuku.manager.permission.API_V23" />
28-->[dev.rikka.shizuku:provider:13.1.5] AndroidManifest.xml:8:5-78
28-->[dev.rikka.shizuku:provider:13.1.5] AndroidManifest.xml:8:22-75
29
30    <permission
30-->[androidx.core:core:1.17.0] AndroidManifest.xml:22:5-24:47
31        android:name="com.toolbox.shizutools.DYNAMIC_RECEIVER_NOT_EXPORTED_PERMISSION"
31-->[androidx.core:core:1.17.0] AndroidManifest.xml:23:9-81
32        android:protectionLevel="signature" />
32-->[androidx.core:core:1.17.0] AndroidManifest.xml:24:9-44
33
34    <uses-permission android:name="com.toolbox.shizutools.DYNAMIC_RECEIVER_NOT_EXPORTED_PERMISSION" />
34-->[androidx.core:core:1.17.0] AndroidManifest.xml:26:5-97
34-->[androidx.core:core:1.17.0] AndroidManifest.xml:26:22-94
35
36    <application
36-->src/main/AndroidManifest.xml:24:5-68:19
37        android:name="com.toolbox.shizutools.App"
37-->src/main/AndroidManifest.xml:25:9-28
38        android:allowBackup="true"
38-->src/main/AndroidManifest.xml:26:9-35
39        android:appComponentFactory="androidx.core.app.CoreComponentFactory"
39-->[androidx.core:core:1.17.0] AndroidManifest.xml:28:18-86
40        android:extractNativeLibs="false"
41        android:icon="@drawable/logo"
41-->src/main/AndroidManifest.xml:27:9-38
42        android:label="@string/app_name"
42-->src/main/AndroidManifest.xml:28:9-41
43        android:roundIcon="@mipmap/ic_launcher_round"
43-->src/main/AndroidManifest.xml:29:9-54
44        android:supportsRtl="true"
44-->src/main/AndroidManifest.xml:30:9-35
45        android:theme="@style/AppTheme" >
45-->src/main/AndroidManifest.xml:31:9-40
46        <activity
46-->src/main/AndroidManifest.xml:33:9-40:20
47            android:name="com.toolbox.shizutools.MainActivity"
47-->src/main/AndroidManifest.xml:34:13-41
48            android:exported="true" >
48-->src/main/AndroidManifest.xml:35:13-36
49            <intent-filter>
49-->src/main/AndroidManifest.xml:36:13-39:29
50                <action android:name="android.intent.action.MAIN" />
50-->src/main/AndroidManifest.xml:19:13-65
50-->src/main/AndroidManifest.xml:19:21-62
51
52                <category android:name="android.intent.category.LAUNCHER" />
52-->src/main/AndroidManifest.xml:20:13-73
52-->src/main/AndroidManifest.xml:20:23-70
53            </intent-filter>
54        </activity>
55        <activity
55-->src/main/AndroidManifest.xml:42:9-44:39
56            android:name="com.toolbox.shizutools.SettingsActivity"
56-->src/main/AndroidManifest.xml:43:13-45
57            android:exported="true" />
57-->src/main/AndroidManifest.xml:44:13-36
58        <activity
58-->src/main/AndroidManifest.xml:46:9-48:39
59            android:name="com.toolbox.shizutools.InfoActivity"
59-->src/main/AndroidManifest.xml:47:13-41
60            android:exported="true" />
60-->src/main/AndroidManifest.xml:48:13-36
61
62        <service
62-->src/main/AndroidManifest.xml:50:9-54:58
63            android:name="com.toolbox.shizutools.FpsService"
63-->src/main/AndroidManifest.xml:51:13-39
64            android:enabled="true"
64-->src/main/AndroidManifest.xml:52:13-35
65            android:exported="false"
65-->src/main/AndroidManifest.xml:53:13-37
66            android:foregroundServiceType="specialUse" />
66-->src/main/AndroidManifest.xml:54:13-55
67        <service
67-->src/main/AndroidManifest.xml:56:9-59:40
68            android:name="com.toolbox.shizutools.LogcatService"
68-->src/main/AndroidManifest.xml:57:13-42
69            android:enabled="true"
69-->src/main/AndroidManifest.xml:58:13-35
70            android:exported="false" />
70-->src/main/AndroidManifest.xml:59:13-37
71
72        <provider
73            android:name="rikka.shizuku.ShizukuProvider"
73-->src/main/AndroidManifest.xml:62:13-57
74            android:authorities="com.toolbox.shizutools.shizuku"
74-->src/main/AndroidManifest.xml:63:13-59
75            android:enabled="true"
75-->src/main/AndroidManifest.xml:65:13-35
76            android:exported="true"
76-->src/main/AndroidManifest.xml:66:13-36
77            android:multiprocess="false" />
77-->src/main/AndroidManifest.xml:64:13-41
78
79        <meta-data
79-->[dev.rikka.shizuku:provider:13.1.5] AndroidManifest.xml:11:9-13:36
80            android:name="moe.shizuku.client.V3_SUPPORT"
80-->[dev.rikka.shizuku:provider:13.1.5] AndroidManifest.xml:12:13-57
81            android:value="true" />
81-->[dev.rikka.shizuku:provider:13.1.5] AndroidManifest.xml:13:13-33
82
83        <provider
83-->[androidx.emoji2:emoji2:1.3.0] AndroidManifest.xml:24:9-32:20
84            android:name="androidx.startup.InitializationProvider"
84-->[androidx.emoji2:emoji2:1.3.0] AndroidManifest.xml:25:13-67
85            android:authorities="com.toolbox.shizutools.androidx-startup"
85-->[androidx.emoji2:emoji2:1.3.0] AndroidManifest.xml:26:13-68
86            android:exported="false" >
86-->[androidx.emoji2:emoji2:1.3.0] AndroidManifest.xml:27:13-37
87            <meta-data
87-->[androidx.emoji2:emoji2:1.3.0] AndroidManifest.xml:29:13-31:52
88                android:name="androidx.emoji2.text.EmojiCompatInitializer"
88-->[androidx.emoji2:emoji2:1.3.0] AndroidManifest.xml:30:17-75
89                android:value="androidx.startup" />
89-->[androidx.emoji2:emoji2:1.3.0] AndroidManifest.xml:31:17-49
90            <meta-data
90-->[androidx.lifecycle:lifecycle-process:2.6.2] AndroidManifest.xml:29:13-31:52
91                android:name="androidx.lifecycle.ProcessLifecycleInitializer"
91-->[androidx.lifecycle:lifecycle-process:2.6.2] AndroidManifest.xml:30:17-78
92                android:value="androidx.startup" />
92-->[androidx.lifecycle:lifecycle-process:2.6.2] AndroidManifest.xml:31:17-49
93            <meta-data
93-->[androidx.profileinstaller:profileinstaller:1.4.0] AndroidManifest.xml:29:13-31:52
94                android:name="androidx.profileinstaller.ProfileInstallerInitializer"
94-->[androidx.profileinstaller:profileinstaller:1.4.0] AndroidManifest.xml:30:17-85
95                android:value="androidx.startup" />
95-->[androidx.profileinstaller:profileinstaller:1.4.0] AndroidManifest.xml:31:17-49
96        </provider>
97
98        <receiver
98-->[androidx.profileinstaller:profileinstaller:1.4.0] AndroidManifest.xml:34:9-52:20
99            android:name="androidx.profileinstaller.ProfileInstallReceiver"
99-->[androidx.profileinstaller:profileinstaller:1.4.0] AndroidManifest.xml:35:13-76
100            android:directBootAware="false"
100-->[androidx.profileinstaller:profileinstaller:1.4.0] AndroidManifest.xml:36:13-44
101            android:enabled="true"
101-->[androidx.profileinstaller:profileinstaller:1.4.0] AndroidManifest.xml:37:13-35
102            android:exported="true"
102-->[androidx.profileinstaller:profileinstaller:1.4.0] AndroidManifest.xml:38:13-36
103            android:permission="android.permission.DUMP" >
103-->[androidx.profileinstaller:profileinstaller:1.4.0] AndroidManifest.xml:39:13-57
104            <intent-filter>
104-->[androidx.profileinstaller:profileinstaller:1.4.0] AndroidManifest.xml:40:13-42:29
105                <action android:name="androidx.profileinstaller.action.INSTALL_PROFILE" />
105-->[androidx.profileinstaller:profileinstaller:1.4.0] AndroidManifest.xml:41:17-91
105-->[androidx.profileinstaller:profileinstaller:1.4.0] AndroidManifest.xml:41:25-88
106            </intent-filter>
107            <intent-filter>
107-->[androidx.profileinstaller:profileinstaller:1.4.0] AndroidManifest.xml:43:13-45:29
108                <action android:name="androidx.profileinstaller.action.SKIP_FILE" />
108-->[androidx.profileinstaller:profileinstaller:1.4.0] AndroidManifest.xml:44:17-85
108-->[androidx.profileinstaller:profileinstaller:1.4.0] AndroidManifest.xml:44:25-82
109            </intent-filter>
110            <intent-filter>
110-->[androidx.profileinstaller:profileinstaller:1.4.0] AndroidManifest.xml:46:13-48:29
111                <action android:name="androidx.profileinstaller.action.SAVE_PROFILE" />
111-->[androidx.profileinstaller:profileinstaller:1.4.0] AndroidManifest.xml:47:17-88
111-->[androidx.profileinstaller:profileinstaller:1.4.0] AndroidManifest.xml:47:25-85
112            </intent-filter>
113            <intent-filter>
113-->[androidx.profileinstaller:profileinstaller:1.4.0] AndroidManifest.xml:49:13-51:29
114                <action android:name="androidx.profileinstaller.action.BENCHMARK_OPERATION" />
114-->[androidx.profileinstaller:profileinstaller:1.4.0] AndroidManifest.xml:50:17-95
114-->[androidx.profileinstaller:profileinstaller:1.4.0] AndroidManifest.xml:50:25-92
115            </intent-filter>
116        </receiver>
117    </application>
118
119</manifest>